2019-04-13 18:49:54,534 INFO  [Log] Property File Initilized 
2019-04-13 18:49:58,568 INFO  [Log] Chrome browser initilized Successfully 
2019-04-13 18:50:06,405 INFO  [Log] URL load Successfully 
2019-04-13 18:50:06,419 INFO  [Log] Username picked from Constants Class is mohit.gulati@metacubeautomation.com 
2019-04-13 18:50:06,420 INFO  [Log] Password picked from Constants Class is admin123# 
2019-04-13 18:50:08,277 INFO  [Log] Username entered in the Username text box 
2019-04-13 18:50:08,526 INFO  [Log] Password entered in the Username text box 
2019-04-13 18:50:14,773 INFO  [Log] Click action performed on Submit button 
2019-04-13 18:50:26,245 INFO  [Log] user Logged in Successfully 
2019-04-13 18:50:26,253 INFO  [Log] **************************************************************************************** 
2019-04-13 18:50:26,254 INFO  [Log] ------------------                 TS1_Verify_license_UI       ------------------------- 
2019-04-13 18:50:26,254 INFO  [Log] **************************************************************************************** 
2019-04-13 18:50:37,609 INFO  [Log] XXXXXXXXXXXXXXXXXXXXXXX             -E---N---D-             XXXXXXXXXXXXXXXXXXXXXX 
2019-04-13 18:50:37,609 INFO  [Log] X 
2019-04-13 18:50:37,609 INFO  [Log] X 
2019-04-13 18:50:44,857 INFO  [Log] Logout Successfully 
2019-04-13 18:50:45,814 INFO  [Log] Browser closed 
2019-04-13 23:36:47,228 INFO  [Log] Load Property File 
2019-04-13 23:36:47,228 INFO  [Log] Property File Initilized 
2019-04-13 23:36:55,869 INFO  [Log] Chrome browser initilized Successfully 
2019-04-13 23:37:06,127 INFO  [Log] URL load Successfully 
2019-04-13 23:38:52,979 INFO  [Log] Load Property File 
2019-04-13 23:38:52,979 INFO  [Log] Property File Initilized 
2019-04-13 23:38:58,042 INFO  [Log] Chrome browser initilized Successfully 
2019-04-13 23:39:05,954 INFO  [Log] URL load Successfully 
2019-04-13 23:43:08,340 INFO  [Log] Load Property File 
2019-04-13 23:43:08,340 INFO  [Log] Property File Initilized 
2019-04-13 23:43:12,672 INFO  [Log] Chrome browser initilized Successfully 
2019-04-13 23:43:20,431 INFO  [Log] URL load Successfully 
2019-04-13 23:43:20,431 INFO  [Log] Load Test data  - XML File 
2019-04-13 23:43:20,607 INFO  [Log] XML File Initilized 
2019-04-13 23:43:20,647 INFO  [Log] Username picked from Constants Class is mohit.gulati@metacubeautomation.com 
2019-04-13 23:43:20,647 INFO  [Log] Password picked from Constants Class is admin123# 
2019-04-13 23:43:22,662 INFO  [Log] Username entered in the Username text box 
2019-04-13 23:43:22,794 INFO  [Log] Password entered in the Username text box 
2019-04-13 23:43:28,585 INFO  [Log] Click action performed on Submit button 
2019-04-14 12:37:45,780 INFO  [Log] Load Test data  - XML File 
2019-04-14 12:37:46,043 INFO  [Log] XML File Initilized 
2019-04-14 12:37:46,043 INFO  [Log] Load Property File 
2019-04-14 12:37:46,058 INFO  [Log] Property File Initilized 
2019-04-14 12:37:52,447 INFO  [Log] Chrome browser initilized Successfully 
2019-04-14 12:38:03,517 INFO  [Log] URL load Successfully 
2019-04-14 12:38:03,529 INFO  [Log] Username picked from Constants Class is mohit.gulati@metacubeautomation.com 
2019-04-14 12:38:03,529 INFO  [Log] Password picked from Constants Class is admin123# 
2019-04-14 12:38:04,260 INFO  [Log] Username entered in the Username text box 
2019-04-14 12:38:04,400 INFO  [Log] Password entered in the Username text box 
2019-04-14 12:38:11,230 INFO  [Log] Click action performed on Submit button 
2019-04-14 12:38:24,246 INFO  [Log] user Logged in Successfully 
2019-04-14 12:38:24,261 INFO  [Log] **************************************************************************************** 
2019-04-14 12:38:24,261 INFO  [Log] ------------------                 TS1_Verify_license_UI       ------------------------- 
2019-04-14 12:38:24,261 INFO  [Log] **************************************************************************************** 
2019-04-14 12:38:35,742 INFO  [Log] XXXXXXXXXXXXXXXXXXXXXXX             -E---N---D-             XXXXXXXXXXXXXXXXXXXXXX 
2019-04-14 12:38:35,742 INFO  [Log] X 
2019-04-14 12:38:35,745 INFO  [Log] X 
2019-04-14 12:38:48,305 INFO  [Log] Logout Successfully 
2019-04-14 12:38:49,313 INFO  [Log] Browser closed 
2019-04-14 12:38:49,360 INFO  [Log] Load Test data  - XML File 
2019-04-14 12:38:49,360 INFO  [Log] XML File Initilized 
2019-04-14 12:38:49,360 INFO  [Log] Load Property File 
2019-04-14 12:38:49,365 INFO  [Log] Property File Initilized 
2019-04-14 12:38:52,013 INFO  [Log] Chrome browser initilized Successfully 
2019-04-14 12:38:59,771 INFO  [Log] URL load Successfully 
2019-04-14 12:38:59,771 INFO  [Log] Username picked from Constants Class is mohit.gulati@metacubeautomation.com 
2019-04-14 12:38:59,771 INFO  [Log] Password picked from Constants Class is admin123# 
2019-04-14 12:39:02,020 INFO  [Log] Username entered in the Username text box 
2019-04-14 12:39:02,228 INFO  [Log] Password entered in the Username text box 
2019-04-14 12:39:08,044 INFO  [Log] Click action performed on Submit button 
2019-04-14 12:44:49,853 INFO  [Log] Load Test data  - XML File 
2019-04-14 12:44:49,968 INFO  [Log] XML File Initilized 
2019-04-14 12:44:49,981 INFO  [Log] Load Property File 
2019-04-14 12:44:49,981 INFO  [Log] Property File Initilized 
2019-04-14 12:44:54,221 INFO  [Log] Chrome browser initilized Successfully 
2019-04-14 12:45:01,438 INFO  [Log] URL load Successfully 
2019-04-14 12:45:01,450 INFO  [Log] Username picked from Constants Class is mohit.gulati@metacubeautomation.com 
2019-04-14 12:45:01,450 INFO  [Log] Password picked from Constants Class is admin123# 
2019-04-14 12:45:03,474 INFO  [Log] Username entered in the Username text box 
2019-04-14 12:45:03,721 INFO  [Log] Password entered in the Username text box 
2019-04-14 12:45:09,618 INFO  [Log] Click action performed on Submit button 
2019-04-14 12:45:20,751 INFO  [Log] user Logged in Successfully 
2019-04-14 12:45:20,763 INFO  [Log] **************************************************************************************** 
2019-04-14 12:45:20,763 INFO  [Log] ------------------                 TS1_Verify_license_UI       ------------------------- 
2019-04-14 12:45:20,763 INFO  [Log] **************************************************************************************** 
2019-04-14 12:45:31,993 INFO  [Log] XXXXXXXXXXXXXXXXXXXXXXX             -E---N---D-             XXXXXXXXXXXXXXXXXXXXXX 
2019-04-14 12:45:31,993 INFO  [Log] X 
2019-04-14 12:45:31,996 INFO  [Log] X 
2019-04-14 12:45:40,767 INFO  [Log] Logout Successfully 
2019-04-14 12:45:41,815 INFO  [Log] Browser closed 
2019-04-14 12:45:41,846 INFO  [Log] Load Test data  - XML File 
2019-04-14 12:45:41,862 INFO  [Log] XML File Initilized 
2019-04-14 12:45:41,862 INFO  [Log] Load Property File 
2019-04-14 12:45:41,863 INFO  [Log] Property File Initilized 
2019-04-14 12:45:44,661 INFO  [Log] Chrome browser initilized Successfully 
2019-04-14 12:46:00,606 INFO  [Log] Load Test data  - XML File 
2019-04-14 12:46:00,731 INFO  [Log] XML File Initilized 
2019-04-14 12:46:00,731 INFO  [Log] Load Property File 
2019-04-14 12:46:00,737 INFO  [Log] Property File Initilized 
2019-04-14 12:46:04,899 INFO  [Log] Chrome browser initilized Successfully 
2019-04-14 12:46:12,358 INFO  [Log] URL load Successfully 
2019-04-14 12:46:12,370 INFO  [Log] Username picked from Constants Class is mohit.gulati@metacubeautomation.com 
2019-04-14 12:46:12,370 INFO  [Log] Password picked from Constants Class is admin123# 
2019-04-14 12:46:14,538 INFO  [Log] Username entered in the Username text box 
2019-04-14 12:46:14,774 INFO  [Log] Password entered in the Username text box 
2019-04-14 12:46:20,281 INFO  [Log] Click action performed on Submit button 
2019-04-14 12:46:32,829 INFO  [Log] user Logged in Successfully 
2019-04-14 12:46:32,839 INFO  [Log] **************************************************************************************** 
2019-04-14 12:46:32,839 INFO  [Log] ------------------                 TS1_Verify_license_UI       ------------------------- 
2019-04-14 12:46:32,839 INFO  [Log] **************************************************************************************** 
2019-04-14 12:46:44,300 INFO  [Log] XXXXXXXXXXXXXXXXXXXXXXX             -E---N---D-             XXXXXXXXXXXXXXXXXXXXXX 
2019-04-14 12:46:44,300 INFO  [Log] X 
2019-04-14 12:46:44,300 INFO  [Log] X 
2019-04-14 12:46:51,201 INFO  [Log] Logout Successfully 
2019-04-14 12:46:52,102 INFO  [Log] Browser closed 
2019-04-14 12:46:52,149 INFO  [Log] Load Test data  - XML File 
2019-04-14 12:46:52,149 INFO  [Log] XML File Initilized 
2019-04-14 12:46:52,149 INFO  [Log] Load Property File 
2019-04-14 12:46:52,149 INFO  [Log] Property File Initilized 
2019-04-14 12:46:54,785 INFO  [Log] Chrome browser initilized Successfully 
2019-04-14 13:14:15,362 INFO  [Log] Load Test data  - XML File 
2019-04-14 13:14:15,489 INFO  [Log] XML File Initilized 
2019-04-14 13:14:15,490 INFO  [Log] Load Property File 
2019-04-14 13:14:15,490 INFO  [Log] Property File Initilized 
2019-04-14 13:14:19,408 INFO  [Log] Chrome browser initilized Successfully 
2019-04-14 13:14:27,438 INFO  [Log] URL load Successfully 
2019-04-14 13:14:27,448 INFO  [Log] Username picked from Constants Class is mohit.gulati@metacubeautomation.com 
2019-04-14 13:14:27,448 INFO  [Log] Password picked from Constants Class is admin123# 
2019-04-14 13:14:29,239 INFO  [Log] Username entered in the Username text box 
2019-04-14 13:14:29,515 INFO  [Log] Password entered in the Username text box 
2019-04-14 13:14:37,813 INFO  [Log] Click action performed on Submit button 
2019-04-14 13:14:51,277 INFO  [Log] user Logged in Successfully 
2019-04-14 13:14:51,295 INFO  [Log] **************************************************************************************** 
2019-04-14 13:14:51,295 INFO  [Log] ------------------                 TS1_Verify_license_UI       ------------------------- 
2019-04-14 13:14:51,295 INFO  [Log] **************************************************************************************** 
2019-04-14 13:15:02,507 INFO  [Log] XXXXXXXXXXXXXXXXXXXXXXX             -E---N---D-             XXXXXXXXXXXXXXXXXXXXXX 
2019-04-14 13:15:02,507 INFO  [Log] X 
2019-04-14 13:15:02,510 INFO  [Log] X 
2019-04-14 13:15:09,550 INFO  [Log] Logout Successfully 
2019-04-14 13:15:10,443 INFO  [Log] Browser closed 
2019-04-14 13:15:10,485 INFO  [Log] Load Test data  - XML File 
2019-04-14 13:15:10,489 INFO  [Log] XML File Initilized 
2019-04-14 13:15:10,489 INFO  [Log] Load Property File 
2019-04-14 13:15:10,489 INFO  [Log] Property File Initilized 
2019-04-14 13:15:13,080 INFO  [Log] Chrome browser initilized Successfully 
2019-04-14 13:16:02,918 INFO  [Log] Load Test data  - XML File 
2019-04-14 13:16:03,076 INFO  [Log] XML File Initilized 
2019-04-14 13:16:03,076 INFO  [Log] Load Property File 
2019-04-14 13:16:03,076 INFO  [Log] Property File Initilized 
2019-04-14 13:16:07,302 INFO  [Log] Chrome browser initilized Successfully 
2019-04-14 13:16:14,732 INFO  [Log] URL load Successfully 
2019-04-14 13:16:14,776 INFO  [Log] Username picked from Constants Class is mohit.gulati@metacubeautomation.com 
2019-04-14 13:16:14,776 INFO  [Log] Password picked from Constants Class is admin123# 
2019-04-14 13:16:16,739 INFO  [Log] Username entered in the Username text box 
2019-04-14 13:16:16,912 INFO  [Log] Password entered in the Username text box 
2019-04-14 13:16:33,910 INFO  [Log] Click action performed on Submit button 
2019-04-14 13:16:38,953 INFO  [Log] user Logged in Successfully 
2019-04-14 13:16:38,966 INFO  [Log] **************************************************************************************** 
2019-04-14 13:16:38,966 INFO  [Log] ------------------                 TS1_Verify_license_UI       ------------------------- 
2019-04-14 13:16:38,966 INFO  [Log] **************************************************************************************** 
2019-04-14 13:17:11,807 INFO  [Log] XXXXXXXXXXXXXXXXXXXXXXX             -E---N---D-             XXXXXXXXXXXXXXXXXXXXXX 
2019-04-14 13:17:11,815 INFO  [Log] X 
2019-04-14 13:17:11,819 INFO  [Log] X 
2019-04-14 13:18:47,108 INFO  [Log] Load Test data  - XML File 
2019-04-14 13:18:47,224 INFO  [Log] XML File Initilized 
2019-04-14 13:18:47,224 INFO  [Log] Load Property File 
2019-04-14 13:18:47,228 INFO  [Log] Property File Initilized 
2019-04-14 13:18:51,203 INFO  [Log] Chrome browser initilized Successfully 
2019-04-14 13:18:58,650 INFO  [Log] URL load Successfully 
2019-04-14 13:18:58,676 INFO  [Log] Username picked from Constants Class is mohit.gulati@metacubeautomation.com 
2019-04-14 13:18:58,676 INFO  [Log] Password picked from Constants Class is admin123# 
2019-04-14 13:19:00,966 INFO  [Log] Username entered in the Username text box 
2019-04-14 13:19:01,366 INFO  [Log] Password entered in the Username text box 
2019-04-14 13:19:18,603 INFO  [Log] Click action performed on Submit button 
2019-04-14 13:19:23,644 INFO  [Log] user Logged in Successfully 
2019-04-14 13:19:23,655 INFO  [Log] **************************************************************************************** 
2019-04-14 13:19:23,655 INFO  [Log] ------------------                 TS1_Verify_license_UI       ------------------------- 
2019-04-14 13:19:23,655 INFO  [Log] **************************************************************************************** 
2019-04-14 13:19:34,784 INFO  [Log] XXXXXXXXXXXXXXXXXXXXXXX             -E---N---D-             XXXXXXXXXXXXXXXXXXXXXX 
2019-04-14 13:19:34,784 INFO  [Log] X 
2019-04-14 13:19:34,784 INFO  [Log] X 
2019-04-14 18:58:10,172 INFO  [Log] Load Test data  - XML File 
2019-04-14 18:58:10,352 INFO  [Log] XML File Initilized 
2019-04-14 18:58:10,353 INFO  [Log] Open Browser Successfully 
2019-04-14 18:58:10,353 INFO  [Log] Load Property File 
2019-04-14 18:58:10,353 INFO  [Log] Property File Initilized 
2019-04-14 18:58:15,090 INFO  [Log] Chrome browser initilized Successfully 
2019-04-14 18:58:24,225 INFO  [Log] URL load Successfully 
2019-04-14 18:58:24,254 INFO  [Log] Username picked from Constants Class is mohit.gulati@metacubeautomation.com 
2019-04-14 18:58:24,254 INFO  [Log] Password picked from Constants Class is admin123# 
2019-04-14 18:58:24,767 INFO  [Log] Username entered in the Username text box 
2019-04-14 18:58:25,030 INFO  [Log] Password entered in the Username text box 
2019-04-14 18:58:43,307 INFO  [Log] Click action performed on Submit button 
2019-04-14 19:00:58,316 INFO  [Log] Load Test data  - XML File 
2019-04-14 19:00:58,451 INFO  [Log] XML File Initilized 
2019-04-14 19:00:58,451 INFO  [Log] Open Browser Successfully 
2019-04-14 19:00:58,452 INFO  [Log] Load Property File 
2019-04-14 19:00:58,452 INFO  [Log] Property File Initilized 
2019-04-14 19:01:02,818 INFO  [Log] Chrome browser initilized Successfully 
2019-04-14 19:01:11,101 INFO  [Log] URL load Successfully 
2019-04-14 19:01:11,114 INFO  [Log] Username picked from Constants Class is mohit.gulati@metacubeautomation.com 
2019-04-14 19:01:11,115 INFO  [Log] Password picked from Constants Class is admin123# 
2019-04-14 19:01:11,737 INFO  [Log] Username entered in the Username text box 
2019-04-14 19:01:11,967 INFO  [Log] Password entered in the Username text box 
2019-04-14 19:01:17,289 INFO  [Log] Click action performed on Submit button 
2019-04-14 19:12:44,337 INFO  [Log] Load Test data  - XML File 
2019-04-14 19:12:44,456 INFO  [Log] XML File Initilized 
2019-04-14 19:12:44,464 INFO  [Log] Open Browser Successfully 
2019-04-14 19:12:44,464 INFO  [Log] Load Property File 
2019-04-14 19:12:44,464 INFO  [Log] Property File Initilized 
2019-04-14 19:12:48,458 INFO  [Log] Chrome browser initilized Successfully 
2019-04-14 19:12:56,144 INFO  [Log] URL load Successfully 
2019-04-14 19:12:56,157 INFO  [Log] Username picked from Constants Class is mohit.gulati@metacubeautomation.com 
2019-04-14 19:12:56,157 INFO  [Log] Password picked from Constants Class is admin123# 
2019-04-14 19:12:56,929 INFO  [Log] Username entered in the Username text box 
2019-04-14 19:12:57,180 INFO  [Log] Password entered in the Username text box 
2019-04-14 19:13:03,354 INFO  [Log] Click action performed on Submit button 
2019-04-15 10:59:23,620 INFO  [Log] Load Test data  - XML File 
2019-04-15 10:59:23,777 INFO  [Log] XML File Initilized 
2019-04-15 11:02:56,783 INFO  [Log] Load Test data  - XML File 
2019-04-15 11:02:56,946 INFO  [Log] XML File Initilized 
2019-04-15 11:02:56,946 INFO  [Log] Open Browser Successfully 
2019-04-15 11:02:56,946 INFO  [Log] Load Property File 
2019-04-15 11:02:56,951 INFO  [Log] Property File Initilized 
2019-04-15 11:03:04,391 INFO  [Log] Chrome browser initilized Successfully 
2019-04-15 11:03:11,706 INFO  [Log] URL load Successfully 
2019-04-15 11:03:11,779 INFO  [Log] Username picked from Constants Class is mohit.gulati@metacubeautomation.com 
2019-04-15 11:03:11,779 INFO  [Log] Password picked from Constants Class is admin123# 
2019-04-15 11:03:12,523 INFO  [Log] Username entered in the Username text box 
2019-04-15 11:03:12,769 INFO  [Log] Password entered in the Username text box 
2019-04-15 11:03:17,634 INFO  [Log] Click action performed on Submit button 
2019-04-15 11:03:59,083 INFO  [Log] Load Test data  - XML File 
2019-04-15 11:03:59,388 INFO  [Log] XML File Initilized 
2019-04-15 11:03:59,388 INFO  [Log] Open Browser Successfully 
2019-04-15 11:03:59,388 INFO  [Log] Load Property File 
2019-04-15 11:03:59,389 INFO  [Log] Property File Initilized 
2019-04-15 11:04:03,996 INFO  [Log] Chrome browser initilized Successfully 
2019-04-15 11:04:13,230 INFO  [Log] URL load Successfully 
2019-04-15 11:04:13,287 INFO  [Log] Username picked from Constants Class is mohit.gulati@metacubeautomation.com 
2019-04-15 11:04:13,287 INFO  [Log] Password picked from Constants Class is admin123# 
2019-04-15 11:04:14,176 INFO  [Log] Username entered in the Username text box 
2019-04-15 11:04:14,433 INFO  [Log] Password entered in the Username text box 
2019-04-15 11:04:26,143 INFO  [Log] Click action performed on Submit button 
2019-04-15 11:05:13,073 INFO  [Log] Load Test data  - XML File 
2019-04-15 11:05:13,260 INFO  [Log] XML File Initilized 
2019-04-15 11:05:13,263 INFO  [Log] Open Browser Successfully 
2019-04-15 11:05:13,263 INFO  [Log] Load Property File 
2019-04-15 11:05:13,265 INFO  [Log] Property File Initilized 
2019-04-15 11:05:18,111 INFO  [Log] Chrome browser initilized Successfully 
2019-04-15 11:05:24,523 INFO  [Log] URL load Successfully 
2019-04-15 11:05:24,579 INFO  [Log] Username picked from Constants Class is mohit.gulati@metacubeautomation.com 
2019-04-15 11:05:24,580 INFO  [Log] Password picked from Constants Class is admin123# 
2019-04-15 11:05:25,419 INFO  [Log] Username entered in the Username text box 
2019-04-15 11:05:25,705 INFO  [Log] Password entered in the Username text box 
2019-04-15 11:05:32,435 INFO  [Log] Click action performed on Submit button 
2019-04-15 11:06:14,629 INFO  [Log] Load Test data  - XML File 
2019-04-15 11:06:14,824 INFO  [Log] XML File Initilized 
2019-04-15 11:06:14,824 INFO  [Log] Open Browser Successfully 
2019-04-15 11:06:14,824 INFO  [Log] Load Property File 
2019-04-15 11:06:14,824 INFO  [Log] Property File Initilized 
2019-04-15 11:06:19,736 INFO  [Log] Chrome browser initilized Successfully 
2019-04-15 11:06:25,839 INFO  [Log] URL load Successfully 
2019-04-15 11:06:25,898 INFO  [Log] Username picked from Constants Class is mohit.gulati@metacubeautomation.com 
2019-04-15 11:06:25,898 INFO  [Log] Password picked from Constants Class is admin123# 
2019-04-15 11:06:31,313 INFO  [Log] Username entered in the Username text box 
2019-04-15 11:06:31,805 INFO  [Log] Password entered in the Username text box 
2019-04-15 11:06:46,901 INFO  [Log] Click action performed on Submit button 
2019-04-15 11:21:47,946 INFO  [Log] Load Test data  - XML File 
2019-04-15 11:21:48,090 INFO  [Log] XML File Initilized 
2019-04-15 11:21:48,090 INFO  [Log] Open Browser Successfully 
2019-04-15 11:21:48,090 INFO  [Log] Load Property File 
2019-04-15 11:21:48,091 INFO  [Log] Property File Initilized 
2019-04-15 11:21:53,476 INFO  [Log] Chrome browser initilized Successfully 
2019-04-15 11:21:59,194 INFO  [Log] URL load Successfully 
2019-04-15 11:21:59,307 INFO  [Log] Username picked from Constants Class is mohit.gulati@metacubeautomation.com 
2019-04-15 11:21:59,307 INFO  [Log] Password picked from Constants Class is admin123# 
2019-04-15 11:22:06,702 INFO  [Log] Username entered in the Username text box 
2019-04-15 11:22:08,624 INFO  [Log] Password entered in the Username text box 
2019-04-15 11:22:21,369 INFO  [Log] Click action performed on Submit button 
2019-04-15 11:29:10,837 INFO  [Log] Load Test data  - XML File 
2019-04-15 11:29:10,992 INFO  [Log] XML File Initilized 
2019-04-15 11:29:10,993 INFO  [Log] Open Browser Successfully 
2019-04-15 11:29:10,993 INFO  [Log] Load Property File 
2019-04-15 11:29:10,993 INFO  [Log] Property File Initilized 
2019-04-15 11:29:15,633 INFO  [Log] Chrome browser initilized Successfully 
2019-04-15 11:29:21,371 INFO  [Log] URL load Successfully 
2019-04-15 11:29:21,451 INFO  [Log] Username picked from Constants Class is mohit.gulati@metacubeautomation.com 
2019-04-15 11:29:21,451 INFO  [Log] Password picked from Constants Class is admin123# 
2019-04-15 11:29:57,768 INFO  [Log] Load Test data  - XML File 
2019-04-15 11:29:57,913 INFO  [Log] XML File Initilized 
2019-04-15 11:29:57,913 INFO  [Log] Open Browser Successfully 
2019-04-15 11:29:57,913 INFO  [Log] Load Property File 
2019-04-15 11:29:57,913 INFO  [Log] Property File Initilized 
2019-04-15 11:30:02,305 INFO  [Log] Chrome browser initilized Successfully 
2019-04-15 11:30:10,326 INFO  [Log] URL load Successfully 
2019-04-15 11:30:10,384 INFO  [Log] Username picked from Constants Class is mohit.gulati@metacubeautomation.com 
2019-04-15 11:30:10,385 INFO  [Log] Password picked from Constants Class is admin123# 
2019-04-15 11:30:25,113 INFO  [Log] Username entered in the Username text box 
2019-04-15 11:30:26,424 INFO  [Log] Password entered in the Username text box 
2019-04-15 11:30:37,185 INFO  [Log] Click action performed on Submit button 
2019-04-15 11:31:32,313 INFO  [Log] Load Test data  - XML File 
2019-04-15 11:31:32,450 INFO  [Log] XML File Initilized 
2019-04-15 11:31:32,451 INFO  [Log] Open Browser Successfully 
2019-04-15 11:31:32,451 INFO  [Log] Load Property File 
2019-04-15 11:31:32,451 INFO  [Log] Property File Initilized 
2019-04-15 11:31:36,533 INFO  [Log] Chrome browser initilized Successfully 
2019-04-15 11:31:42,061 INFO  [Log] URL load Successfully 
2019-04-15 11:31:42,125 INFO  [Log] Username picked from Constants Class is mohit.gulati@metacubeautomation.com 
2019-04-15 11:31:42,125 INFO  [Log] Password picked from Constants Class is admin123# 
2019-04-15 11:32:08,830 INFO  [Log] Load Test data  - XML File 
2019-04-15 11:32:08,993 INFO  [Log] XML File Initilized 
2019-04-15 11:32:08,993 INFO  [Log] Open Browser Successfully 
2019-04-15 11:32:08,993 INFO  [Log] Load Property File 
2019-04-15 11:32:08,993 INFO  [Log] Property File Initilized 
2019-04-15 11:32:13,055 INFO  [Log] Chrome browser initilized Successfully 
2019-04-15 11:32:18,299 INFO  [Log] URL load Successfully 
2019-04-15 11:32:18,344 INFO  [Log] Username picked from Constants Class is mohit.gulati@metacubeautomation.com 
2019-04-15 11:32:18,344 INFO  [Log] Password picked from Constants Class is admin123# 
2019-04-15 11:32:56,241 INFO  [Log] Load Test data  - XML File 
2019-04-15 11:32:56,408 INFO  [Log] XML File Initilized 
2019-04-15 11:33:25,831 INFO  [Log] Load Test data  - XML File 
2019-04-15 11:33:25,995 INFO  [Log] XML File Initilized 
2019-04-15 11:33:58,585 INFO  [Log] Open Browser Successfully 
2019-04-15 11:33:58,587 INFO  [Log] Load Property File 
2019-04-15 11:33:58,592 INFO  [Log] Property File Initilized 
2019-04-15 11:34:39,472 INFO  [Log] Chrome browser initilized Successfully 
2019-04-15 11:34:45,903 INFO  [Log] URL load Successfully 
2019-04-15 11:34:53,360 INFO  [Log] Username picked from Constants Class is mohit.gulati@metacubeautomation.com 
2019-04-15 11:34:54,024 INFO  [Log] Password picked from Constants Class is admin123# 
2019-04-15 11:34:58,139 INFO  [Log] Username entered in the Username text box 
2019-04-15 11:35:01,401 INFO  [Log] Password entered in the Username text box 
2019-04-15 11:35:09,273 INFO  [Log] Click action performed on Submit button 
2019-04-15 12:16:47,729 INFO  [Log] Load Test data  - XML File 
2019-04-15 12:16:47,947 INFO  [Log] XML File Initilized 
2019-04-15 12:16:47,947 INFO  [Log] Open Browser Successfully 
2019-04-15 12:16:47,947 INFO  [Log] Load Property File 
2019-04-15 12:16:47,950 INFO  [Log] Property File Initilized 
2019-04-15 13:25:01,103 INFO  [Log] Load Test data  - XML File 
2019-04-15 13:25:01,213 INFO  [Log] XML File Initilized 
2019-04-15 13:25:01,213 INFO  [Log] Open Browser Successfully 
2019-04-15 13:25:01,226 INFO  [Log] Load Property File 
2019-04-15 13:25:01,226 INFO  [Log] Property File Initilized 
2019-04-15 13:25:08,400 INFO  [Log] Chrome browser initilized Successfully 
2019-04-15 13:25:16,154 INFO  [Log] URL load Successfully 
2019-04-15 13:25:16,265 INFO  [Log] Username picked from Constants Class is mohit.gulati@metacubeautomation.com 
2019-04-15 13:25:16,265 INFO  [Log] Password picked from Constants Class is admin123# 
2019-04-15 13:25:16,859 INFO  [Log] Username entered in the Username text box 
2019-04-15 13:25:17,085 INFO  [Log] Password entered in the Username text box 
2019-04-15 13:25:29,151 INFO  [Log] Click action performed on Submit button 
2019-04-15 13:25:34,379 INFO  [Log] user Logged in Successfully 
2019-04-15 13:26:09,443 INFO  [Log] Load Test data  - XML File 
2019-04-15 13:26:09,551 INFO  [Log] XML File Initilized 
2019-04-15 13:26:09,563 INFO  [Log] Open Browser Successfully 
2019-04-15 13:26:09,563 INFO  [Log] Load Property File 
2019-04-15 13:26:09,563 INFO  [Log] Property File Initilized 
2019-04-15 13:26:14,476 INFO  [Log] Chrome browser initilized Successfully 
2019-04-15 13:26:22,276 INFO  [Log] URL load Successfully 
2019-04-15 13:26:22,290 INFO  [Log] Username picked from Constants Class is mohit.gulati@metacubeautomation.com 
2019-04-15 13:26:22,290 INFO  [Log] Password picked from Constants Class is admin123# 
2019-04-15 13:26:23,150 INFO  [Log] Username entered in the Username text box 
2019-04-15 13:26:23,406 INFO  [Log] Password entered in the Username text box 
2019-04-15 13:26:27,253 INFO  [Log] Click action performed on Submit button 
2019-04-15 13:26:41,265 INFO  [Log] user Logged in Successfully 
2019-04-15 13:26:52,295 INFO  [Log] **************************************************************************************** 
2019-04-15 13:26:52,295 INFO  [Log] ------------------                 TS1_Verify_license_UI       ------------------------- 
2019-04-15 13:26:52,295 INFO  [Log] **************************************************************************************** 
2019-04-15 13:28:31,243 INFO  [Log] Load Test data  - XML File 
2019-04-15 13:28:31,385 INFO  [Log] XML File Initilized 
2019-04-15 13:28:37,476 INFO  [Log] Open Browser Successfully 
2019-04-15 13:28:37,476 INFO  [Log] Load Property File 
2019-04-15 13:28:37,476 INFO  [Log] Property File Initilized 
2019-04-15 13:47:47,817 INFO  [Log] Load Test data  - XML File 
2019-04-15 13:47:47,948 INFO  [Log] XML File Initilized 
2019-04-15 13:47:47,948 INFO  [Log] Open Browser Successfully 
2019-04-15 13:47:47,948 INFO  [Log] Load Property File 
2019-04-15 13:47:47,949 INFO  [Log] Property File Initilized 
2019-04-15 13:47:53,013 INFO  [Log] Chrome browser initilized Successfully 
2019-04-15 13:47:59,026 INFO  [Log] URL load Successfully 
2019-04-15 13:47:59,059 INFO  [Log] Username picked from Constants Class is mohit.gulati@metacubeautomation.com 
2019-04-15 13:47:59,059 INFO  [Log] Password picked from Constants Class is admin123# 
2019-04-15 13:47:59,519 INFO  [Log] Username entered in the Username text box 
2019-04-15 13:47:59,697 INFO  [Log] Password entered in the Username text box 
2019-04-15 13:48:10,914 INFO  [Log] Click action performed on Submit button 
2019-04-15 14:44:07,782 INFO  [Log] Load Test data  - XML File 
2019-04-15 14:44:08,079 INFO  [Log] XML File Initilized 
2019-04-15 14:44:08,079 INFO  [Log] Open Browser Successfully 
2019-04-15 14:44:08,079 INFO  [Log] Load Property File 
2019-04-15 14:44:08,080 INFO  [Log] Property File Initilized 
2019-04-15 14:44:13,651 INFO  [Log] Chrome browser initilized Successfully 
2019-04-15 14:44:19,559 INFO  [Log] URL load Successfully 
2019-04-15 14:44:19,602 INFO  [Log] Username picked from Constants Class is mohit.gulati@metacubeautomation.com 
2019-04-15 14:44:19,602 INFO  [Log] Password picked from Constants Class is admin123# 
2019-04-15 14:44:20,318 INFO  [Log] Username entered in the Username text box 
2019-04-15 14:44:20,554 INFO  [Log] Password entered in the Username text box 
2019-04-15 14:44:33,253 INFO  [Log] Click action performed on Submit button 
2019-04-15 14:55:43,373 INFO  [Log] Load Test data  - XML File 
2019-04-15 14:55:43,560 INFO  [Log] XML File Initilized 
2019-04-15 14:55:43,560 INFO  [Log] Open Browser Successfully 
2019-04-15 14:55:43,560 INFO  [Log] Load Property File 
2019-04-15 14:55:43,561 INFO  [Log] Property File Initilized 
2019-04-15 14:55:48,600 INFO  [Log] Chrome browser initilized Successfully 
2019-04-15 14:55:54,094 INFO  [Log] URL load Successfully 
2019-04-15 14:55:54,447 INFO  [Log] Username picked from Constants Class is mohit.gulati@metacubeautomation.com 
2019-04-15 14:55:54,450 INFO  [Log] Password picked from Constants Class is admin123# 
2019-04-15 14:56:07,498 INFO  [Log] Username entered in the Username text box 
2019-04-15 14:56:07,861 INFO  [Log] Password entered in the Username text box 
2019-04-15 14:56:12,742 INFO  [Log] Click action performed on Submit button 
2019-04-15 14:56:22,862 INFO  [Log] user Logged in Successfully 
2019-04-15 14:57:44,980 INFO  [Log] Load Test data  - XML File 
2019-04-15 14:57:45,098 INFO  [Log] XML File Initilized 
2019-04-15 14:57:45,098 INFO  [Log] Open Browser Successfully 
2019-04-15 14:57:45,099 INFO  [Log] Load Property File 
2019-04-15 14:57:45,099 INFO  [Log] Property File Initilized 
2019-04-15 14:57:49,308 INFO  [Log] Chrome browser initilized Successfully 
2019-04-15 14:57:54,834 INFO  [Log] URL load Successfully 
2019-04-15 14:57:54,849 INFO  [Log] Username picked from Constants Class is mohit.gulati@metacubeautomation.com 
2019-04-15 14:57:54,849 INFO  [Log] Password picked from Constants Class is admin123# 
2019-04-15 14:57:55,537 INFO  [Log] Username entered in the Username text box 
2019-04-15 14:57:55,889 INFO  [Log] Password entered in the Username text box 
2019-04-15 14:58:09,053 INFO  [Log] Click action performed on Submit button 
2019-04-15 14:58:14,158 INFO  [Log] user Logged in Successfully 
2019-04-15 14:58:34,285 INFO  [Log] **************************************************************************************** 
2019-04-15 14:58:34,285 INFO  [Log] ------------------                 TS1_Verify_license_UI       ------------------------- 
2019-04-15 14:58:34,285 INFO  [Log] **************************************************************************************** 
2019-04-15 14:58:49,663 INFO  [Log] XXXXXXXXXXXXXXXXXXXXXXX             -E---N---D-             XXXXXXXXXXXXXXXXXXXXXX 
2019-04-15 14:58:49,663 INFO  [Log] X 
2019-04-15 14:58:49,663 INFO  [Log] X 
2019-04-15 14:59:27,634 INFO  [Log] Load Test data  - XML File 
2019-04-15 14:59:27,822 INFO  [Log] XML File Initilized 
2019-04-15 14:59:27,823 INFO  [Log] Open Browser Successfully 
2019-04-15 14:59:27,823 INFO  [Log] Load Property File 
2019-04-15 14:59:27,823 INFO  [Log] Property File Initilized 
2019-04-15 14:59:32,473 INFO  [Log] Chrome browser initilized Successfully 
2019-04-15 14:59:42,072 INFO  [Log] URL load Successfully 
2019-04-15 14:59:42,093 INFO  [Log] Username picked from Constants Class is mohit.gulati@metacubeautomation.com 
2019-04-15 14:59:42,093 INFO  [Log] Password picked from Constants Class is admin123# 
2019-04-15 14:59:42,926 INFO  [Log] Username entered in the Username text box 
2019-04-15 14:59:43,193 INFO  [Log] Password entered in the Username text box 
2019-04-15 15:00:02,603 INFO  [Log] Click action performed on Submit button 
2019-04-15 15:00:07,702 INFO  [Log] user Logged in Successfully 
2019-04-15 15:00:07,710 INFO  [Log] **************************************************************************************** 
2019-04-15 15:00:07,710 INFO  [Log] ------------------                 TS1_Verify_license_UI       ------------------------- 
2019-04-15 15:00:07,710 INFO  [Log] **************************************************************************************** 
2019-04-15 15:00:19,813 INFO  [Log] XXXXXXXXXXXXXXXXXXXXXXX             -E---N---D-             XXXXXXXXXXXXXXXXXXXXXX 
2019-04-15 15:00:19,813 INFO  [Log] X 
2019-04-15 15:00:19,813 INFO  [Log] X 
2019-04-15 15:00:31,772 INFO  [Log] Logout Successfully 
2019-04-15 15:00:32,765 INFO  [Log] Close Browser Successfully 
2019-04-15 15:00:32,765 INFO  [Log] Browser closed 
2019-04-15 15:00:32,807 INFO  [Log] Load Test data  - XML File 
2019-04-15 15:00:32,810 INFO  [Log] XML File Initilized 
2019-04-15 15:00:32,810 INFO  [Log] Open Browser Successfully 
2019-04-15 15:00:32,810 INFO  [Log] Load Property File 
2019-04-15 15:00:32,811 INFO  [Log] Property File Initilized 
2019-04-15 15:00:35,282 INFO  [Log] Chrome browser initilized Successfully 
2019-04-15 15:00:41,449 INFO  [Log] URL load Successfully 
2019-04-15 15:00:41,449 INFO  [Log] Username picked from Constants Class is mohit.gulati@metacubeautomation.com 
2019-04-15 15:00:41,449 INFO  [Log] Password picked from Constants Class is admin123# 
2019-04-15 15:00:42,285 INFO  [Log] Username entered in the Username text box 
2019-04-15 15:00:42,913 INFO  [Log] Password entered in the Username text box 
2019-04-15 15:00:47,594 INFO  [Log] Click action performed on Submit button 
2019-04-15 15:01:01,599 INFO  [Log] user Logged in Successfully 
2019-04-15 15:01:01,602 INFO  [Log] **************************************************************************************** 
2019-04-15 15:01:01,602 INFO  [Log] ------------------                 TS2_Verify_simple_search_and_advance_search_on_license_page       ------------------------- 
2019-04-15 15:01:01,602 INFO  [Log] **************************************************************************************** 
2019-04-15 15:01:29,864 INFO  [Log] Logout Successfully 
2019-04-15 15:01:33,010 INFO  [Log] Close Browser Successfully 
2019-04-15 15:01:33,010 INFO  [Log] Browser closed 
